<?xml version="1.0" encoding="UTF-8"?>
<testsuite name="prototype.library.LibraryTest" tests="11" skipped="0" failures="0" errors="0" timestamp="2024-05-23T13:26:40" hostname="LAPTOP-B9SM1PO3" time="0.069">
  <properties/>
  <testcase name="deleteBookViaISBNTest()" classname="prototype.library.LibraryTest" time="0.033"/>
  <testcase name="deleteCustomerViaIdTest()" classname="prototype.library.LibraryTest" time="0.004"/>
  <testcase name="findCustomerByIdTest()" classname="prototype.library.LibraryTest" time="0.004"/>
  <testcase name="addCustomerTest()" classname="prototype.library.LibraryTest" time="0.002"/>
  <testcase name="findBookViaISBNTest()" classname="prototype.library.LibraryTest" time="0.003"/>
  <testcase name="addMultipleBookTest()" classname="prototype.library.LibraryTest" time="0.001"/>
  <testcase name="addDuplicateBookTest()" classname="prototype.library.LibraryTest" time="0.001"/>
  <testcase name="addNullBookTest()" classname="prototype.library.LibraryTest" time="0.001"/>
  <testcase name="addNullCustomerTest()" classname="prototype.library.LibraryTest" time="0.002"/>
  <testcase name="addDuplicateCustomerTest()" classname="prototype.library.LibraryTest" time="0.002"/>
  <testcase name="addBookTest()" classname="prototype.library.LibraryTest" time="0.001"/>
  <system-out><![CDATA[]]></system-out>
  <system-err><![CDATA[]]></system-err>
</testsuite>
